g:\work\myappurok54\x64\debug\myapp1new.pch
g:\work\myappurok54\x64\debug\vc120.pdb
g:\work\myappurok54\x64\debug\stdafx.obj
g:\work\myappurok54\x64\debug\myform.obj
g:\work\myappurok54\x64\debug\myapp1.obj
g:\work\myappurok54\x64\debug\assemblyinfo.obj
g:\work\myappurok54\x64\debug\.netframework,version=v4.5.2.assemblyattributes.obj
g:\work\myappurok54\x64\debug\myapp1new.exe
g:\work\myappurok54\x64\debug\myapp1new.pdb
g:\work\myappurok54\x64\debug\myapp1.myform.resources
g:\work\myappurok54\x64\debug\app.res
g:\work\myappurok54\x64\debug\myapp1.vcxproj.generateresource.cache
g:\work\myappurok54\x64\debug\myapp1.vcxprojresolveassemblyreference.cache
g:\work\myappurok54\x64\debug\myapp1new.exe.metagen
g:\work\myappurok54\x64\debug\myapp1new.tlog\cl.command.1.tlog
g:\work\myappurok54\x64\debug\myapp1new.tlog\cl.read.1.tlog
g:\work\myappurok54\x64\debug\myapp1new.tlog\cl.write.1.tlog
g:\work\myappurok54\x64\debug\myapp1new.tlog\link.command.1.tlog
g:\work\myappurok54\x64\debug\myapp1new.tlog\link.read.1.tlog
g:\work\myappurok54\x64\debug\myapp1new.tlog\link.write.1.tlog
g:\work\myappurok54\x64\debug\myapp1new.tlog\metagen.read.1.tlog
g:\work\myappurok54\x64\debug\myapp1new.tlog\metagen.write.1.tlog
g:\work\myappurok54\x64\debug\myapp1new.tlog\myapp1new.write.1u.tlog
g:\work\myappurok54\x64\debug\myapp1new.tlog\rc.command.1.tlog
g:\work\myappurok54\x64\debug\myapp1new.tlog\rc.read.1.tlog
g:\work\myappurok54\x64\debug\myapp1new.tlog\rc.write.1.tlog
g:\work\myappurok54\x64\debug\myapp1new.tlog\rsaenh.dll.bi
g:\work\myappurok54\x64\debug\myapp1new.tlog\tzres.dll.bi
